# JRE version: OpenJDK Runtime Environment Temurin-17.0.14+7 (17.0.14+7) (build 17.0.14+7)
# Java VM: OpenJDK 64-Bit Server VM Temurin-17.0.14+7 (17.0.14+7, mixed mode, tiered, compressed oops, compressed class ptrs, g1 gc, windows-amd64)
GC Precious Log:
 CPUs: 4 total, 4 available
 Memory: 4018M
 Large Page Support: Disabled
 NUMA Support: Disabled
 Compressed Oops: Enabled (32-bit)
 Heap Region Size: 1M
 Heap Min Capacity: 8M
 Heap Initial Capacity: 64M
 Heap Max Capacity: 2G
 Pre-touch: Disabled
 Parallel Workers: 4
 Concurrent Workers: 1
 Concurrent Refinement Workers: 4
 Periodic GC: Disabled
Heap:
 garbage-first heap   total 95232K, used 68463K [0x0000000080000000, 0x0000000100000000)
  region size 1024K, 37 young (37888K), 5 survivors (5120K)
 Metaspace       used 41629K, committed 42176K, reserved 1114112K
  class space    used 4482K, committed 4736K, reserved 1048576K
GC Heap History (20 events):
Event: 5.201 GC heap before
{Heap before GC invocations=6 (full 0):
 garbage-first heap   total 65536K, used 35565K [0x0000000080000000, 0x0000000100000000)
  region size 1024K, 14 young (14336K), 2 survivors (2048K)
 Metaspace       used 21275K, committed 21504K, reserved 1114112K
  class space    used 2183K, committed 2240K, reserved 1048576K
}
Event: 5.208 GC heap after
{Heap after GC invocations=7 (full 0):
 garbage-first heap   total 65536K, used 24784K [0x0000000080000000, 0x0000000100000000)
  region size 1024K, 1 young (1024K), 1 survivors (1024K)
 Metaspace       used 21275K, committed 21504K, reserved 1114112K
  class space    used 2183K, committed 2240K, reserved 1048576K
}
Event: 5.682 GC heap before
{Heap before GC invocations=8 (full 0):
 garbage-first heap   total 65536K, used 47312K [0x0000000080000000, 0x0000000100000000)
  region size 1024K, 23 young (23552K), 1 survivors (1024K)
 Metaspace       used 22147K, committed 22336K, reserved 1114112K
  class space    used 2310K, committed 2432K, reserved 1048576K
}
Event: 5.688 GC heap after
{Heap after GC invocations=9 (full 0):
 garbage-first heap   total 65536K, used 25517K [0x0000000080000000, 0x0000000100000000)
  region size 1024K, 2 young (2048K), 2 survivors (2048K)
 Metaspace       used 22147K, committed 22336K, reserved 1114112K
  class space    used 2310K, committed 2432K, reserved 1048576K
}
Event: 5.786 GC heap before
{Heap before GC invocations=9 (full 0):
 garbage-first heap   total 65536K, used 48045K [0x0000000080000000, 0x0000000100000000)
  region size 1024K, 24 young (24576K), 2 survivors (2048K)
 Metaspace       used 22197K, committed 22464K, reserved 1114112K
  class space    used 2314K, committed 2432K, reserved 1048576K
}
Event: 5.791 GC heap after
{Heap after GC invocations=10 (full 0):
 garbage-first heap   total 78848K, used 25561K [0x0000000080000000, 0x0000000100000000)
  region size 1024K, 2 young (2048K), 2 survivors (2048K)
 Metaspace       used 22197K, committed 22464K, reserved 1114112K
  class space    used 2314K, committed 2432K, reserved 1048576K
}
Event: 7.286 GC heap before
{Heap before GC invocations=10 (full 0):
 garbage-first heap   total 78848K, used 61401K [0x0000000080000000, 0x0000000100000000)
  region size 1024K, 37 young (37888K), 2 survivors (2048K)
 Metaspace       used 26773K, committed 27136K, reserved 1114112K
  class space    used 2800K, committed 2944K, reserved 1048576K
}
Event: 7.299 GC heap after
{Heap after GC invocations=11 (full 0):
 garbage-first heap   total 78848K, used 28843K [0x0000000080000000, 0x0000000100000000)
  region size 1024K, 5 young (5120K), 5 survivors (5120K)
 Metaspace       used 26773K, committed 27136K, reserved 1114112K
  class space    used 2800K, committed 2944K, reserved 1048576K
}
Event: 7.862 GC heap before
{Heap before GC invocations=11 (full 0):
 garbage-first heap   total 78848K, used 58539K [0x0000000080000000, 0x0000000100000000)
  region size 1024K, 34 young (34816K), 5 survivors (5120K)
 Metaspace       used 29079K, committed 29440K, reserved 1114112K
  class space    used 3040K, committed 3200K, reserved 1048576K
}
Event: 7.877 GC heap after
{Heap after GC invocations=12 (full 0):
 garbage-first heap   total 78848K, used 29762K [0x0000000080000000, 0x0000000100000000)
  region size 1024K, 1 young (1024K), 1 survivors (1024K)
 Metaspace       used 29079K, committed 29440K, reserved 1114112K
  class space    used 3040K, committed 3200K, reserved 1048576K
}
Event: 8.158 GC heap before
{Heap before GC invocations=12 (full 0):
 garbage-first heap   total 78848K, used 63554K [0x0000000080000000, 0x0000000100000000)
  region size 1024K, 31 young (31744K), 1 survivors (1024K)
 Metaspace       used 30260K, committed 30656K, reserved 1114112K
  class space    used 3120K, committed 3328K, reserved 1048576K
}
Event: 8.162 GC heap after
{Heap after GC invocations=13 (full 0):
 garbage-first heap   total 78848K, used 30210K [0x0000000080000000, 0x0000000100000000)
  region size 1024K, 2 young (2048K), 2 survivors (2048K)
 Metaspace       used 30260K, committed 30656K, reserved 1114112K
  class space    used 3120K, committed 3328K, reserved 1048576K
}
Event: 8.711 GC heap before
{Heap before GC invocations=13 (full 0):
 garbage-first heap   total 78848K, used 61954K [0x0000000080000000, 0x0000000100000000)
  region size 1024K, 33 young (33792K), 2 survivors (2048K)
 Metaspace       used 32877K, committed 33344K, reserved 1114112K
  class space    used 3425K, committed 3648K, reserved 1048576K
}
Event: 8.717 GC heap after
{Heap after GC invocations=14 (full 0):
 garbage-first heap   total 78848K, used 31046K [0x0000000080000000, 0x0000000100000000)
  region size 1024K, 3 young (3072K), 3 survivors (3072K)
 Metaspace       used 32877K, committed 33344K, reserved 1114112K
  class space    used 3425K, committed 3648K, reserved 1048576K
}
Event: 9.194 GC heap before
{Heap before GC invocations=14 (full 0):
 garbage-first heap   total 78848K, used 62790K [0x0000000080000000, 0x0000000100000000)
  region size 1024K, 34 young (34816K), 3 survivors (3072K)
 Metaspace       used 33862K, committed 34304K, reserved 1114112K
  class space    used 3513K, committed 3712K, reserved 1048576K
}
Event: 9.202 GC heap after
{Heap after GC invocations=15 (full 0):
 garbage-first heap   total 95232K, used 32413K [0x0000000080000000, 0x0000000100000000)
  region size 1024K, 4 young (4096K), 4 survivors (4096K)
 Metaspace       used 33862K, committed 34304K, reserved 1114112K
  class space    used 3513K, committed 3712K, reserved 1048576K
}
Event: 9.626 GC heap before
{Heap before GC invocations=15 (full 0):
 garbage-first heap   total 95232K, used 77469K [0x0000000080000000, 0x0000000100000000)
  region size 1024K, 48 young (49152K), 4 survivors (4096K)
 Metaspace       used 34089K, committed 34560K, reserved 1114112K
  class space    used 3530K, committed 3776K, reserved 1048576K
}
Event: 9.642 GC heap after
{Heap after GC invocations=16 (full 0):
 garbage-first heap   total 95232K, used 34587K [0x0000000080000000, 0x0000000100000000)
  region size 1024K, 5 young (5120K), 5 survivors (5120K)
 Metaspace       used 34089K, committed 34560K, reserved 1114112K
  class space    used 3530K, committed 3776K, reserved 1048576K
}
Event: 10.526 GC heap before
{Heap before GC invocations=16 (full 0):
 garbage-first heap   total 95232K, used 57115K [0x0000000080000000, 0x0000000100000000)
  region size 1024K, 28 young (28672K), 5 survivors (5120K)
 Metaspace       used 35484K, committed 35968K, reserved 1114112K
  class space    used 3708K, committed 3968K, reserved 1048576K
}
Event: 10.543 GC heap after
{Heap after GC invocations=17 (full 0):
 garbage-first heap   total 95232K, used 36719K [0x0000000080000000, 0x0000000100000000)
  region size 1024K, 5 young (5120K), 5 survivors (5120K)
 Metaspace       used 35484K, committed 35968K, reserved 1114112K
  class space    used 3708K, committed 3968K, reserved 1048576K
}

