# JRE version: OpenJDK Runtime Environment Temurin-17.0.7+7 (17.0.7+7) (build 17.0.7+7)
# Java VM: OpenJDK 64-Bit Server VM Temurin-17.0.7+7 (17.0.7+7, mixed mode, tiered, compressed oops, compressed class ptrs, g1 gc, windows-amd64)
GC Precious Log:
 CPUs: 4 total, 4 available
 Memory: 4018M
 Large Page Support: Disabled
 NUMA Support: Disabled
 Compressed Oops: Enabled (32-bit)
 Heap Region Size: 1M
 Heap Min Capacity: 8M
 Heap Initial Capacity: 64M
 Heap Max Capacity: 2G
 Pre-touch: Disabled
 Parallel Workers: 4
 Concurrent Workers: 1
 Concurrent Refinement Workers: 4
 Periodic GC: Disabled
Heap:
 garbage-first heap   total 95232K, used 51416K [0x0000000080000000, 0x0000000100000000)
  region size 1024K, 20 young (20480K), 5 survivors (5120K)
 Metaspace       used 44571K, committed 45120K, reserved 1114112K
  class space    used 4935K, committed 5184K, reserved 1048576K
GC Heap History (20 events):
Event: 10.639 GC heap before
{Heap before GC invocations=10 (full 0):
 garbage-first heap   total 65536K, used 49033K [0x0000000080000000, 0x0000000100000000)
  region size 1024K, 28 young (28672K), 2 survivors (2048K)
 Metaspace       used 24918K, committed 25216K, reserved 1114112K
  class space    used 2601K, committed 2752K, reserved 1048576K
}
Event: 10.651 GC heap after
{Heap after GC invocations=11 (full 0):
 garbage-first heap   total 78848K, used 24468K [0x0000000080000000, 0x0000000100000000)
  region size 1024K, 4 young (4096K), 4 survivors (4096K)
 Metaspace       used 24918K, committed 25216K, reserved 1114112K
  class space    used 2601K, committed 2752K, reserved 1048576K
}
Event: 12.345 GC heap before
{Heap before GC invocations=11 (full 0):
 garbage-first heap   total 78848K, used 53140K [0x0000000080000000, 0x0000000100000000)
  region size 1024K, 32 young (32768K), 4 survivors (4096K)
 Metaspace       used 31263K, committed 31616K, reserved 1114112K
  class space    used 3318K, committed 3520K, reserved 1048576K
}
Event: 12.361 GC heap after
{Heap after GC invocations=12 (full 0):
 garbage-first heap   total 78848K, used 27269K [0x0000000080000000, 0x0000000100000000)
  region size 1024K, 3 young (3072K), 3 survivors (3072K)
 Metaspace       used 31263K, committed 31616K, reserved 1114112K
  class space    used 3318K, committed 3520K, reserved 1048576K
}
Event: 12.772 GC heap before
{Heap before GC invocations=12 (full 0):
 garbage-first heap   total 78848K, used 59013K [0x0000000080000000, 0x0000000100000000)
  region size 1024K, 32 young (32768K), 3 survivors (3072K)
 Metaspace       used 32701K, committed 33024K, reserved 1114112K
  class space    used 3441K, committed 3584K, reserved 1048576K
}
Event: 12.781 GC heap after
{Heap after GC invocations=13 (full 0):
 garbage-first heap   total 78848K, used 28189K [0x0000000080000000, 0x0000000100000000)
  region size 1024K, 1 young (1024K), 1 survivors (1024K)
 Metaspace       used 32701K, committed 33024K, reserved 1114112K
  class space    used 3441K, committed 3584K, reserved 1048576K
}
Event: 12.995 GC heap before
{Heap before GC invocations=13 (full 0):
 garbage-first heap   total 78848K, used 60957K [0x0000000080000000, 0x0000000100000000)
  region size 1024K, 33 young (33792K), 1 survivors (1024K)
 Metaspace       used 32816K, committed 33216K, reserved 1114112K
  class space    used 3450K, committed 3648K, reserved 1048576K
}
Event: 12.998 GC heap after
{Heap after GC invocations=14 (full 0):
 garbage-first heap   total 78848K, used 28394K [0x0000000080000000, 0x0000000100000000)
  region size 1024K, 1 young (1024K), 1 survivors (1024K)
 Metaspace       used 32816K, committed 33216K, reserved 1114112K
  class space    used 3450K, committed 3648K, reserved 1048576K
}
Event: 13.839 GC heap before
{Heap before GC invocations=14 (full 0):
 garbage-first heap   total 78848K, used 63210K [0x0000000080000000, 0x0000000100000000)
  region size 1024K, 35 young (35840K), 1 survivors (1024K)
 Metaspace       used 34758K, committed 35136K, reserved 1114112K
  class space    used 3677K, committed 3840K, reserved 1048576K
}
Event: 13.847 GC heap after
{Heap after GC invocations=15 (full 0):
 garbage-first heap   total 78848K, used 29372K [0x0000000080000000, 0x0000000100000000)
  region size 1024K, 2 young (2048K), 2 survivors (2048K)
 Metaspace       used 34758K, committed 35136K, reserved 1114112K
  class space    used 3677K, committed 3840K, reserved 1048576K
}
Event: 15.193 GC heap before
{Heap before GC invocations=15 (full 0):
 garbage-first heap   total 78848K, used 64188K [0x0000000080000000, 0x0000000100000000)
  region size 1024K, 36 young (36864K), 2 survivors (2048K)
 Metaspace       used 35115K, committed 35520K, reserved 1114112K
  class space    used 3704K, committed 3904K, reserved 1048576K
}
Event: 15.202 GC heap after
{Heap after GC invocations=16 (full 0):
 garbage-first heap   total 78848K, used 30076K [0x0000000080000000, 0x0000000100000000)
  region size 1024K, 3 young (3072K), 3 survivors (3072K)
 Metaspace       used 35115K, committed 35520K, reserved 1114112K
  class space    used 3704K, committed 3904K, reserved 1048576K
}
Event: 15.613 GC heap before
{Heap before GC invocations=16 (full 0):
 garbage-first heap   total 78848K, used 64892K [0x0000000080000000, 0x0000000100000000)
  region size 1024K, 37 young (37888K), 3 survivors (3072K)
 Metaspace       used 35207K, committed 35584K, reserved 1114112K
  class space    used 3710K, committed 3904K, reserved 1048576K
}
Event: 15.623 GC heap after
{Heap after GC invocations=17 (full 0):
 garbage-first heap   total 78848K, used 30967K [0x0000000080000000, 0x0000000100000000)
  region size 1024K, 3 young (3072K), 3 survivors (3072K)
 Metaspace       used 35207K, committed 35584K, reserved 1114112K
  class space    used 3710K, committed 3904K, reserved 1048576K
}
Event: 15.907 GC heap before
{Heap before GC invocations=17 (full 0):
 garbage-first heap   total 78848K, used 56567K [0x0000000080000000, 0x0000000100000000)
  region size 1024K, 29 young (29696K), 3 survivors (3072K)
 Metaspace       used 35551K, committed 35968K, reserved 1114112K
  class space    used 3742K, committed 3968K, reserved 1048576K
}
Event: 15.921 GC heap after
{Heap after GC invocations=18 (full 0):
 garbage-first heap   total 95232K, used 32690K [0x0000000080000000, 0x0000000100000000)
  region size 1024K, 5 young (5120K), 5 survivors (5120K)
 Metaspace       used 35551K, committed 35968K, reserved 1114112K
  class space    used 3742K, committed 3968K, reserved 1048576K
}
Event: 18.458 GC heap before
{Heap before GC invocations=19 (full 0):
 garbage-first heap   total 95232K, used 77746K [0x0000000080000000, 0x0000000100000000)
  region size 1024K, 49 young (50176K), 5 survivors (5120K)
 Metaspace       used 39514K, committed 40064K, reserved 1114112K
  class space    used 4286K, committed 4544K, reserved 1048576K
}
Event: 18.474 GC heap after
{Heap after GC invocations=20 (full 0):
 garbage-first heap   total 95232K, used 35076K [0x0000000080000000, 0x0000000100000000)
  region size 1024K, 6 young (6144K), 6 survivors (6144K)
 Metaspace       used 39514K, committed 40064K, reserved 1114112K
  class space    used 4286K, committed 4544K, reserved 1048576K
}
Event: 25.379 GC heap before
{Heap before GC invocations=20 (full 0):
 garbage-first heap   total 95232K, used 76036K [0x0000000080000000, 0x0000000100000000)
  region size 1024K, 46 young (47104K), 6 survivors (6144K)
 Metaspace       used 44319K, committed 44800K, reserved 1114112K
  class space    used 4911K, committed 5120K, reserved 1048576K
}
Event: 25.401 GC heap after
{Heap after GC invocations=21 (full 0):
 garbage-first heap   total 95232K, used 37080K [0x0000000080000000, 0x0000000100000000)
  region size 1024K, 5 young (5120K), 5 survivors (5120K)
 Metaspace       used 44319K, committed 44800K, reserved 1114112K
  class space    used 4911K, committed 5120K, reserved 1048576K
}

