# JRE version: OpenJDK Runtime Environment Temurin-17.0.14+7 (17.0.14+7) (build 17.0.14+7)
# Java VM: OpenJDK 64-Bit Server VM Temurin-17.0.14+7 (17.0.14+7, mixed mode, tiered, compressed oops, compressed class ptrs, g1 gc, windows-amd64)
GC Precious Log:
 CPUs: 4 total, 4 available
 Memory: 4018M
 Large Page Support: Disabled
 NUMA Support: Disabled
 Compressed Oops: Enabled (32-bit)
 Heap Region Size: 1M
 Heap Min Capacity: 8M
 Heap Initial Capacity: 64M
 Heap Max Capacity: 2G
 Pre-touch: Disabled
 Parallel Workers: 4
 Concurrent Workers: 1
 Concurrent Refinement Workers: 4
 Periodic GC: Disabled
Heap:
 garbage-first heap   total 78848K, used 45749K [0x0000000080000000, 0x0000000100000000)
  region size 1024K, 22 young (22528K), 4 survivors (4096K)
 Metaspace       used 28764K, committed 29184K, reserved 1114112K
  class space    used 3005K, committed 3200K, reserved 1048576K
GC Heap History (20 events):
Event: 0.921 GC heap before
{Heap before GC invocations=0 (full 0):
 garbage-first heap   total 65536K, used 16384K [0x0000000080000000, 0x0000000100000000)
  region size 1024K, 13 young (13312K), 0 survivors (0K)
 Metaspace       used 4877K, committed 4992K, reserved 1114112K
  class space    used 389K, committed 448K, reserved 1048576K
}
Event: 0.927 GC heap after
{Heap after GC invocations=1 (full 0):
 garbage-first heap   total 65536K, used 13301K [0x0000000080000000, 0x0000000100000000)
  region size 1024K, 2 young (2048K), 2 survivors (2048K)
 Metaspace       used 4877K, committed 4992K, reserved 1114112K
  class space    used 389K, committed 448K, reserved 1048576K
}
Event: 1.274 GC heap before
{Heap before GC invocations=1 (full 0):
 garbage-first heap   total 65536K, used 21493K [0x0000000080000000, 0x0000000100000000)
  region size 1024K, 10 young (10240K), 2 survivors (2048K)
 Metaspace       used 6799K, committed 6976K, reserved 1114112K
  class space    used 525K, committed 640K, reserved 1048576K
}
Event: 1.280 GC heap after
{Heap after GC invocations=2 (full 0):
 garbage-first heap   total 65536K, used 17803K [0x0000000080000000, 0x0000000100000000)
  region size 1024K, 2 young (2048K), 2 survivors (2048K)
 Metaspace       used 6799K, committed 6976K, reserved 1114112K
  class space    used 525K, committed 640K, reserved 1048576K
}
Event: 1.837 GC heap before
{Heap before GC invocations=2 (full 0):
 garbage-first heap   total 65536K, used 29067K [0x0000000080000000, 0x0000000100000000)
  region size 1024K, 14 young (14336K), 2 survivors (2048K)
 Metaspace       used 8464K, committed 8640K, reserved 1114112K
  class space    used 686K, committed 768K, reserved 1048576K
}
Event: 1.841 GC heap after
{Heap after GC invocations=3 (full 0):
 garbage-first heap   total 65536K, used 19047K [0x0000000080000000, 0x0000000100000000)
  region size 1024K, 1 young (1024K), 1 survivors (1024K)
 Metaspace       used 8464K, committed 8640K, reserved 1114112K
  class space    used 686K, committed 768K, reserved 1048576K
}
Event: 2.737 GC heap before
{Heap before GC invocations=3 (full 0):
 garbage-first heap   total 65536K, used 35431K [0x0000000080000000, 0x0000000100000000)
  region size 1024K, 17 young (17408K), 1 survivors (1024K)
 Metaspace       used 14406K, committed 14592K, reserved 1114112K
  class space    used 1314K, committed 1408K, reserved 1048576K
}
Event: 2.744 GC heap after
{Heap after GC invocations=4 (full 0):
 garbage-first heap   total 65536K, used 20821K [0x0000000080000000, 0x0000000100000000)
  region size 1024K, 3 young (3072K), 3 survivors (3072K)
 Metaspace       used 14406K, committed 14592K, reserved 1114112K
  class space    used 1314K, committed 1408K, reserved 1048576K
}
Event: 3.239 GC heap before
{Heap before GC invocations=4 (full 0):
 garbage-first heap   total 65536K, used 38229K [0x0000000080000000, 0x0000000100000000)
  region size 1024K, 21 young (21504K), 3 survivors (3072K)
 Metaspace       used 16804K, committed 16960K, reserved 1114112K
  class space    used 1564K, committed 1664K, reserved 1048576K
}
Event: 3.254 GC heap after
{Heap after GC invocations=5 (full 0):
 garbage-first heap   total 65536K, used 23556K [0x0000000080000000, 0x0000000100000000)
  region size 1024K, 3 young (3072K), 3 survivors (3072K)
 Metaspace       used 16804K, committed 16960K, reserved 1114112K
  class space    used 1564K, committed 1664K, reserved 1048576K
}
Event: 3.856 GC heap before
{Heap before GC invocations=5 (full 0):
 garbage-first heap   total 65536K, used 41988K [0x0000000080000000, 0x0000000100000000)
  region size 1024K, 21 young (21504K), 3 survivors (3072K)
 Metaspace       used 19275K, committed 19456K, reserved 1114112K
  class space    used 1841K, committed 1920K, reserved 1048576K
}
Event: 3.864 GC heap after
{Heap after GC invocations=6 (full 0):
 garbage-first heap   total 65536K, used 24372K [0x0000000080000000, 0x0000000100000000)
  region size 1024K, 2 young (2048K), 2 survivors (2048K)
 Metaspace       used 19275K, committed 19456K, reserved 1114112K
  class space    used 1841K, committed 1920K, reserved 1048576K
}
Event: 4.339 GC heap before
{Heap before GC invocations=6 (full 0):
 garbage-first heap   total 65536K, used 35636K [0x0000000080000000, 0x0000000100000000)
  region size 1024K, 15 young (15360K), 2 survivors (2048K)
 Metaspace       used 21269K, committed 21504K, reserved 1114112K
  class space    used 2187K, committed 2304K, reserved 1048576K
}
Event: 4.345 GC heap after
{Heap after GC invocations=7 (full 0):
 garbage-first heap   total 65536K, used 25197K [0x0000000080000000, 0x0000000100000000)
  region size 1024K, 1 young (1024K), 1 survivors (1024K)
 Metaspace       used 21269K, committed 21504K, reserved 1114112K
  class space    used 2187K, committed 2304K, reserved 1048576K
}
Event: 4.875 GC heap before
{Heap before GC invocations=8 (full 0):
 garbage-first heap   total 65536K, used 47725K [0x0000000080000000, 0x0000000100000000)
  region size 1024K, 23 young (23552K), 1 survivors (1024K)
 Metaspace       used 22337K, committed 22528K, reserved 1114112K
  class space    used 2336K, committed 2432K, reserved 1048576K
}
Event: 4.882 GC heap after
{Heap after GC invocations=9 (full 0):
 garbage-first heap   total 65536K, used 26058K [0x0000000080000000, 0x0000000100000000)
  region size 1024K, 2 young (2048K), 2 survivors (2048K)
 Metaspace       used 22337K, committed 22528K, reserved 1114112K
  class space    used 2336K, committed 2432K, reserved 1048576K
}
Event: 4.999 GC heap before
{Heap before GC invocations=9 (full 0):
 garbage-first heap   total 65536K, used 48586K [0x0000000080000000, 0x0000000100000000)
  region size 1024K, 24 young (24576K), 2 survivors (2048K)
 Metaspace       used 22389K, committed 22656K, reserved 1114112K
  class space    used 2340K, committed 2432K, reserved 1048576K
}
Event: 5.005 GC heap after
{Heap after GC invocations=10 (full 0):
 garbage-first heap   total 78848K, used 26079K [0x0000000080000000, 0x0000000100000000)
  region size 1024K, 2 young (2048K), 2 survivors (2048K)
 Metaspace       used 22389K, committed 22656K, reserved 1114112K
  class space    used 2340K, committed 2432K, reserved 1048576K
}
Event: 6.149 GC heap before
{Heap before GC invocations=10 (full 0):
 garbage-first heap   total 78848K, used 60895K [0x0000000080000000, 0x0000000100000000)
  region size 1024K, 36 young (36864K), 2 survivors (2048K)
 Metaspace       used 25203K, committed 25536K, reserved 1114112K
  class space    used 2638K, committed 2752K, reserved 1048576K
}
Event: 6.160 GC heap after
{Heap after GC invocations=11 (full 0):
 garbage-first heap   total 78848K, used 28341K [0x0000000080000000, 0x0000000100000000)
  region size 1024K, 4 young (4096K), 4 survivors (4096K)
 Metaspace       used 25203K, committed 25536K, reserved 1114112K
  class space    used 2638K, committed 2752K, reserved 1048576K
}

