# JRE version: OpenJDK Runtime Environment Temurin-17.0.14+7 (17.0.14+7) (build 17.0.14+7)
# Java VM: OpenJDK 64-Bit Server VM Temurin-17.0.14+7 (17.0.14+7, mixed mode, tiered, compressed oops, compressed class ptrs, g1 gc, windows-amd64)
GC Precious Log:
 CPUs: 4 total, 4 available
 Memory: 4018M
 Large Page Support: Disabled
 NUMA Support: Disabled
 Compressed Oops: Enabled (32-bit)
 Heap Region Size: 1M
 Heap Min Capacity: 8M
 Heap Initial Capacity: 64M
 Heap Max Capacity: 2G
 Pre-touch: Disabled
 Parallel Workers: 4
 Concurrent Workers: 1
 Concurrent Refinement Workers: 4
 Periodic GC: Disabled
Heap:
 garbage-first heap   total 65536K, used 34189K [0x0000000080000000, 0x0000000100000000)
  region size 1024K, 14 young (14336K), 3 survivors (3072K)
 Metaspace       used 17586K, committed 17856K, reserved 1114112K
  class space    used 1642K, committed 1792K, reserved 1048576K
GC Heap History (10 events):
Event: 0.952 GC heap before
{Heap before GC invocations=0 (full 0):
 garbage-first heap   total 65536K, used 16384K [0x0000000080000000, 0x0000000100000000)
  region size 1024K, 13 young (13312K), 0 survivors (0K)
 Metaspace       used 4887K, committed 4992K, reserved 1114112K
  class space    used 389K, committed 448K, reserved 1048576K
}
Event: 0.962 GC heap after
{Heap after GC invocations=1 (full 0):
 garbage-first heap   total 65536K, used 13492K [0x0000000080000000, 0x0000000100000000)
  region size 1024K, 2 young (2048K), 2 survivors (2048K)
 Metaspace       used 4887K, committed 4992K, reserved 1114112K
  class space    used 389K, committed 448K, reserved 1048576K
}
Event: 1.483 GC heap before
{Heap before GC invocations=1 (full 0):
 garbage-first heap   total 65536K, used 21684K [0x0000000080000000, 0x0000000100000000)
  region size 1024K, 10 young (10240K), 2 survivors (2048K)
 Metaspace       used 6797K, committed 6976K, reserved 1114112K
  class space    used 525K, committed 640K, reserved 1048576K
}
Event: 1.489 GC heap after
{Heap after GC invocations=2 (full 0):
 garbage-first heap   total 65536K, used 18312K [0x0000000080000000, 0x0000000100000000)
  region size 1024K, 2 young (2048K), 2 survivors (2048K)
 Metaspace       used 6797K, committed 6976K, reserved 1114112K
  class space    used 525K, committed 640K, reserved 1048576K
}
Event: 2.316 GC heap before
{Heap before GC invocations=2 (full 0):
 garbage-first heap   total 65536K, used 30600K [0x0000000080000000, 0x0000000100000000)
  region size 1024K, 14 young (14336K), 2 survivors (2048K)
 Metaspace       used 8852K, committed 9024K, reserved 1114112K
  class space    used 732K, committed 832K, reserved 1048576K
}
Event: 2.321 GC heap after
{Heap after GC invocations=3 (full 0):
 garbage-first heap   total 65536K, used 19303K [0x0000000080000000, 0x0000000100000000)
  region size 1024K, 1 young (1024K), 1 survivors (1024K)
 Metaspace       used 8852K, committed 9024K, reserved 1114112K
  class space    used 732K, committed 832K, reserved 1048576K
}
Event: 3.246 GC heap before
{Heap before GC invocations=3 (full 0):
 garbage-first heap   total 65536K, used 34663K [0x0000000080000000, 0x0000000100000000)
  region size 1024K, 17 young (17408K), 1 survivors (1024K)
 Metaspace       used 14445K, committed 14592K, reserved 1114112K
  class space    used 1325K, committed 1408K, reserved 1048576K
}
Event: 3.254 GC heap after
{Heap after GC invocations=4 (full 0):
 garbage-first heap   total 65536K, used 21030K [0x0000000080000000, 0x0000000100000000)
  region size 1024K, 3 young (3072K), 3 survivors (3072K)
 Metaspace       used 14445K, committed 14592K, reserved 1114112K
  class space    used 1325K, committed 1408K, reserved 1048576K
}
Event: 3.759 GC heap before
{Heap before GC invocations=4 (full 0):
 garbage-first heap   total 65536K, used 39462K [0x0000000080000000, 0x0000000100000000)
  region size 1024K, 21 young (21504K), 3 survivors (3072K)
 Metaspace       used 16815K, committed 17024K, reserved 1114112K
  class space    used 1566K, committed 1664K, reserved 1048576K
}
Event: 3.773 GC heap after
{Heap after GC invocations=5 (full 0):
 garbage-first heap   total 65536K, used 23949K [0x0000000080000000, 0x0000000100000000)
  region size 1024K, 3 young (3072K), 3 survivors (3072K)
 Metaspace       used 16815K, committed 17024K, reserved 1114112K
  class space    used 1566K, committed 1664K, reserved 1048576K
}

