# JRE version: OpenJDK Runtime Environment Temurin-17.0.7+7 (17.0.7+7) (build 17.0.7+7)
# Java VM: OpenJDK 64-Bit Server VM Temurin-17.0.7+7 (17.0.7+7, mixed mode, tiered, compressed oops, compressed class ptrs, g1 gc, windows-amd64)
GC Precious Log:
 CPUs: 4 total, 4 available
 Memory: 4018M
 Large Page Support: Disabled
 NUMA Support: Disabled
 Compressed Oops: Enabled (32-bit)
 Heap Region Size: 1M
 Heap Min Capacity: 8M
 Heap Initial Capacity: 64M
 Heap Max Capacity: 2G
 Pre-touch: Disabled
 Parallel Workers: 4
 Concurrent Workers: 1
 Concurrent Refinement Workers: 4
 Periodic GC: Disabled
Heap:
 garbage-first heap   total 99328K, used 71379K [0x0000000080000000, 0x0000000100000000)
  region size 1024K, 39 young (39936K), 5 survivors (5120K)
 Metaspace       used 45409K, committed 46080K, reserved 1114112K
  class space    used 5019K, committed 5312K, reserved 1048576K
GC Heap History (20 events):
Event: 5.933 GC heap before
{Heap before GC invocations=9 (full 0):
 garbage-first heap   total 65536K, used 46245K [0x0000000080000000, 0x0000000100000000)
  region size 1024K, 25 young (25600K), 2 survivors (2048K)
 Metaspace       used 22267K, committed 22528K, reserved 1114112K
  class space    used 2322K, committed 2432K, reserved 1048576K
}
Event: 5.938 GC heap after
{Heap after GC invocations=10 (full 0):
 garbage-first heap   total 78848K, used 22854K [0x0000000080000000, 0x0000000100000000)
  region size 1024K, 2 young (2048K), 2 survivors (2048K)
 Metaspace       used 22267K, committed 22528K, reserved 1114112K
  class space    used 2322K, committed 2432K, reserved 1048576K
}
Event: 7.235 GC heap before
{Heap before GC invocations=10 (full 0):
 garbage-first heap   total 78848K, used 54598K [0x0000000080000000, 0x0000000100000000)
  region size 1024K, 33 young (33792K), 2 survivors (2048K)
 Metaspace       used 26418K, committed 26752K, reserved 1114112K
  class space    used 2752K, committed 2880K, reserved 1048576K
}
Event: 7.245 GC heap after
{Heap after GC invocations=11 (full 0):
 garbage-first heap   total 78848K, used 26340K [0x0000000080000000, 0x0000000100000000)
  region size 1024K, 5 young (5120K), 5 survivors (5120K)
 Metaspace       used 26418K, committed 26752K, reserved 1114112K
  class space    used 2752K, committed 2880K, reserved 1048576K
}
Event: 8.631 GC heap before
{Heap before GC invocations=11 (full 0):
 garbage-first heap   total 78848K, used 57060K [0x0000000080000000, 0x0000000100000000)
  region size 1024K, 35 young (35840K), 5 survivors (5120K)
 Metaspace       used 31579K, committed 31936K, reserved 1114112K
  class space    used 3369K, committed 3520K, reserved 1048576K
}
Event: 8.649 GC heap after
{Heap after GC invocations=12 (full 0):
 garbage-first heap   total 78848K, used 28188K [0x0000000080000000, 0x0000000100000000)
  region size 1024K, 3 young (3072K), 3 survivors (3072K)
 Metaspace       used 31579K, committed 31936K, reserved 1114112K
  class space    used 3369K, committed 3520K, reserved 1048576K
}
Event: 8.903 GC heap before
{Heap before GC invocations=12 (full 0):
 garbage-first heap   total 78848K, used 61980K [0x0000000080000000, 0x0000000100000000)
  region size 1024K, 33 young (33792K), 3 survivors (3072K)
 Metaspace       used 32714K, committed 33024K, reserved 1114112K
  class space    used 3444K, committed 3584K, reserved 1048576K
}
Event: 8.910 GC heap after
{Heap after GC invocations=13 (full 0):
 garbage-first heap   total 78848K, used 28287K [0x0000000080000000, 0x0000000100000000)
  region size 1024K, 3 young (3072K), 3 survivors (3072K)
 Metaspace       used 32714K, committed 33024K, reserved 1114112K
  class space    used 3444K, committed 3584K, reserved 1048576K
}
Event: 9.035 GC heap before
{Heap before GC invocations=13 (full 0):
 garbage-first heap   total 78848K, used 60031K [0x0000000080000000, 0x0000000100000000)
  region size 1024K, 34 young (34816K), 3 survivors (3072K)
 Metaspace       used 32776K, committed 33152K, reserved 1114112K
  class space    used 3451K, committed 3648K, reserved 1048576K
}
Event: 9.041 GC heap after
{Heap after GC invocations=14 (full 0):
 garbage-first heap   total 78848K, used 28501K [0x0000000080000000, 0x0000000100000000)
  region size 1024K, 3 young (3072K), 3 survivors (3072K)
 Metaspace       used 32776K, committed 33152K, reserved 1114112K
  class space    used 3451K, committed 3648K, reserved 1048576K
}
Event: 9.938 GC heap before
{Heap before GC invocations=14 (full 0):
 garbage-first heap   total 78848K, used 62293K [0x0000000080000000, 0x0000000100000000)
  region size 1024K, 36 young (36864K), 3 survivors (3072K)
 Metaspace       used 34780K, committed 35200K, reserved 1114112K
  class space    used 3677K, committed 3840K, reserved 1048576K
}
Event: 9.953 GC heap after
{Heap after GC invocations=15 (full 0):
 garbage-first heap   total 99328K, used 29755K [0x0000000080000000, 0x0000000100000000)
  region size 1024K, 2 young (2048K), 2 survivors (2048K)
 Metaspace       used 34780K, committed 35200K, reserved 1114112K
  class space    used 3677K, committed 3840K, reserved 1048576K
}
Event: 11.373 GC heap before
{Heap before GC invocations=15 (full 0):
 garbage-first heap   total 99328K, used 80955K [0x0000000080000000, 0x0000000100000000)
  region size 1024K, 52 young (53248K), 2 survivors (2048K)
 Metaspace       used 35210K, committed 35648K, reserved 1114112K
  class space    used 3711K, committed 3904K, reserved 1048576K
}
Event: 11.383 GC heap after
{Heap after GC invocations=16 (full 0):
 garbage-first heap   total 99328K, used 30755K [0x0000000080000000, 0x0000000100000000)
  region size 1024K, 3 young (3072K), 3 survivors (3072K)
 Metaspace       used 35210K, committed 35648K, reserved 1114112K
  class space    used 3711K, committed 3904K, reserved 1048576K
}
Event: 11.686 GC heap before
{Heap before GC invocations=16 (full 0):
 garbage-first heap   total 99328K, used 70691K [0x0000000080000000, 0x0000000100000000)
  region size 1024K, 43 young (44032K), 3 survivors (3072K)
 Metaspace       used 35533K, committed 35968K, reserved 1114112K
  class space    used 3742K, committed 3968K, reserved 1048576K
}
Event: 11.700 GC heap after
{Heap after GC invocations=17 (full 0):
 garbage-first heap   total 99328K, used 32848K [0x0000000080000000, 0x0000000100000000)
  region size 1024K, 5 young (5120K), 5 survivors (5120K)
 Metaspace       used 35533K, committed 35968K, reserved 1114112K
  class space    used 3742K, committed 3968K, reserved 1048576K
}
Event: 13.500 GC heap before
{Heap before GC invocations=18 (full 0):
 garbage-first heap   total 99328K, used 80976K [0x0000000080000000, 0x0000000100000000)
  region size 1024K, 52 young (53248K), 5 survivors (5120K)
 Metaspace       used 39548K, committed 40064K, reserved 1114112K
  class space    used 4287K, committed 4544K, reserved 1048576K
}
Event: 13.516 GC heap after
{Heap after GC invocations=19 (full 0):
 garbage-first heap   total 99328K, used 35938K [0x0000000080000000, 0x0000000100000000)
  region size 1024K, 7 young (7168K), 7 survivors (7168K)
 Metaspace       used 39548K, committed 40064K, reserved 1114112K
  class space    used 4287K, committed 4544K, reserved 1048576K
}
Event: 20.416 GC heap before
{Heap before GC invocations=19 (full 0):
 garbage-first heap   total 99328K, used 79970K [0x0000000080000000, 0x0000000100000000)
  region size 1024K, 50 young (51200K), 7 survivors (7168K)
 Metaspace       used 44359K, committed 44928K, reserved 1114112K
  class space    used 4917K, committed 5184K, reserved 1048576K
}
Event: 20.449 GC heap after
{Heap after GC invocations=20 (full 0):
 garbage-first heap   total 99328K, used 37587K [0x0000000080000000, 0x0000000100000000)
  region size 1024K, 5 young (5120K), 5 survivors (5120K)
 Metaspace       used 44359K, committed 44928K, reserved 1114112K
  class space    used 4917K, committed 5184K, reserved 1048576K
}

