# JRE version: OpenJDK Runtime Environment Temurin-17.0.14+7 (17.0.14+7) (build 17.0.14+7)
# Java VM: OpenJDK 64-Bit Server VM Temurin-17.0.14+7 (17.0.14+7, mixed mode, tiered, compressed oops, compressed class ptrs, g1 gc, windows-amd64)
GC Precious Log:
 CPUs: 4 total, 4 available
 Memory: 4018M
 Large Page Support: Disabled
 NUMA Support: Disabled
 Compressed Oops: Enabled (32-bit)
 Heap Region Size: 1M
 Heap Min Capacity: 8M
 Heap Initial Capacity: 64M
 Heap Max Capacity: 2G
 Pre-touch: Disabled
 Parallel Workers: 4
 Concurrent Workers: 1
 Concurrent Refinement Workers: 4
 Periodic GC: Disabled
Heap:
 garbage-first heap   total 95232K, used 47182K [0x0000000080000000, 0x0000000100000000)
  region size 1024K, 15 young (15360K), 6 survivors (6144K)
 Metaspace       used 43550K, committed 44096K, reserved 1114112K
  class space    used 4761K, committed 4992K, reserved 1048576K
GC Heap History (20 events):
Event: 5.511 GC heap before
{Heap before GC invocations=8 (full 0):
 garbage-first heap   total 65536K, used 47084K [0x0000000080000000, 0x0000000100000000)
  region size 1024K, 23 young (23552K), 1 survivors (1024K)
 Metaspace       used 22361K, committed 22592K, reserved 1114112K
  class space    used 2337K, committed 2432K, reserved 1048576K
}
Event: 5.519 GC heap after
{Heap after GC invocations=9 (full 0):
 garbage-first heap   total 65536K, used 25462K [0x0000000080000000, 0x0000000100000000)
  region size 1024K, 2 young (2048K), 2 survivors (2048K)
 Metaspace       used 22361K, committed 22592K, reserved 1114112K
  class space    used 2337K, committed 2432K, reserved 1048576K
}
Event: 5.637 GC heap before
{Heap before GC invocations=9 (full 0):
 garbage-first heap   total 65536K, used 47990K [0x0000000080000000, 0x0000000100000000)
  region size 1024K, 24 young (24576K), 2 survivors (2048K)
 Metaspace       used 22416K, committed 22656K, reserved 1114112K
  class space    used 2341K, committed 2432K, reserved 1048576K
}
Event: 5.643 GC heap after
{Heap after GC invocations=10 (full 0):
 garbage-first heap   total 65536K, used 25698K [0x0000000080000000, 0x0000000100000000)
  region size 1024K, 2 young (2048K), 2 survivors (2048K)
 Metaspace       used 22416K, committed 22656K, reserved 1114112K
  class space    used 2341K, committed 2432K, reserved 1048576K
}
Event: 6.366 GC heap before
{Heap before GC invocations=10 (full 0):
 garbage-first heap   total 65536K, used 49250K [0x0000000080000000, 0x0000000100000000)
  region size 1024K, 26 young (26624K), 2 survivors (2048K)
 Metaspace       used 24098K, committed 24320K, reserved 1114112K
  class space    used 2510K, committed 2624K, reserved 1048576K
}
Event: 6.375 GC heap after
{Heap after GC invocations=11 (full 0):
 garbage-first heap   total 78848K, used 26956K [0x0000000080000000, 0x0000000100000000)
  region size 1024K, 3 young (3072K), 3 survivors (3072K)
 Metaspace       used 24098K, committed 24320K, reserved 1114112K
  class space    used 2510K, committed 2624K, reserved 1048576K
}
Event: 7.909 GC heap before
{Heap before GC invocations=11 (full 0):
 garbage-first heap   total 78848K, used 62796K [0x0000000080000000, 0x0000000100000000)
  region size 1024K, 38 young (38912K), 3 survivors (3072K)
 Metaspace       used 29369K, committed 29760K, reserved 1114112K
  class space    used 3072K, committed 3264K, reserved 1048576K
}
Event: 7.921 GC heap after
{Heap after GC invocations=12 (full 0):
 garbage-first heap   total 78848K, used 29625K [0x0000000080000000, 0x0000000100000000)
  region size 1024K, 5 young (5120K), 5 survivors (5120K)
 Metaspace       used 29369K, committed 29760K, reserved 1114112K
  class space    used 3072K, committed 3264K, reserved 1048576K
}
Event: 8.221 GC heap before
{Heap before GC invocations=12 (full 0):
 garbage-first heap   total 78848K, used 63417K [0x0000000080000000, 0x0000000100000000)
  region size 1024K, 35 young (35840K), 5 survivors (5120K)
 Metaspace       used 30493K, committed 30912K, reserved 1114112K
  class space    used 3147K, committed 3328K, reserved 1048576K
}
Event: 8.239 GC heap after
{Heap after GC invocations=13 (full 0):
 garbage-first heap   total 78848K, used 30552K [0x0000000080000000, 0x0000000100000000)
  region size 1024K, 1 young (1024K), 1 survivors (1024K)
 Metaspace       used 30493K, committed 30912K, reserved 1114112K
  class space    used 3147K, committed 3328K, reserved 1048576K
}
Event: 8.379 GC heap before
{Heap before GC invocations=13 (full 0):
 garbage-first heap   total 78848K, used 62296K [0x0000000080000000, 0x0000000100000000)
  region size 1024K, 32 young (32768K), 1 survivors (1024K)
 Metaspace       used 30551K, committed 30976K, reserved 1114112K
  class space    used 3153K, committed 3328K, reserved 1048576K
}
Event: 8.382 GC heap after
{Heap after GC invocations=14 (full 0):
 garbage-first heap   total 78848K, used 30501K [0x0000000080000000, 0x0000000100000000)
  region size 1024K, 1 young (1024K), 1 survivors (1024K)
 Metaspace       used 30551K, committed 30976K, reserved 1114112K
  class space    used 3153K, committed 3328K, reserved 1048576K
}
Event: 9.080 GC heap before
{Heap before GC invocations=14 (full 0):
 garbage-first heap   total 78848K, used 64293K [0x0000000080000000, 0x0000000100000000)
  region size 1024K, 34 young (34816K), 1 survivors (1024K)
 Metaspace       used 32398K, committed 32768K, reserved 1114112K
  class space    used 3350K, committed 3520K, reserved 1048576K
}
Event: 9.087 GC heap after
{Heap after GC invocations=15 (full 0):
 garbage-first heap   total 78848K, used 31947K [0x0000000080000000, 0x0000000100000000)
  region size 1024K, 3 young (3072K), 3 survivors (3072K)
 Metaspace       used 32398K, committed 32768K, reserved 1114112K
  class space    used 3350K, committed 3520K, reserved 1048576K
}
Event: 9.887 GC heap before
{Heap before GC invocations=15 (full 0):
 garbage-first heap   total 78848K, used 63691K [0x0000000080000000, 0x0000000100000000)
  region size 1024K, 34 young (34816K), 3 survivors (3072K)
 Metaspace       used 34412K, committed 34816K, reserved 1114112K
  class space    used 3564K, committed 3776K, reserved 1048576K
}
Event: 9.898 GC heap after
{Heap after GC invocations=16 (full 0):
 garbage-first heap   total 95232K, used 33643K [0x0000000080000000, 0x0000000100000000)
  region size 1024K, 4 young (4096K), 4 survivors (4096K)
 Metaspace       used 34412K, committed 34816K, reserved 1114112K
  class space    used 3564K, committed 3776K, reserved 1048576K
}
Event: 10.445 GC heap before
{Heap before GC invocations=16 (full 0):
 garbage-first heap   total 95232K, used 66411K [0x0000000080000000, 0x0000000100000000)
  region size 1024K, 37 young (37888K), 4 survivors (4096K)
 Metaspace       used 35583K, committed 35968K, reserved 1114112K
  class space    used 3721K, committed 3904K, reserved 1048576K
}
Event: 10.460 GC heap after
{Heap after GC invocations=17 (full 0):
 garbage-first heap   total 95232K, used 36035K [0x0000000080000000, 0x0000000100000000)
  region size 1024K, 6 young (6144K), 6 survivors (6144K)
 Metaspace       used 35583K, committed 35968K, reserved 1114112K
  class space    used 3721K, committed 3904K, reserved 1048576K
}
Event: 12.429 GC heap before
{Heap before GC invocations=18 (full 0):
 garbage-first heap   total 95232K, used 75971K [0x0000000080000000, 0x0000000100000000)
  region size 1024K, 45 young (46080K), 6 survivors (6144K)
 Metaspace       used 43019K, committed 43520K, reserved 1114112K
  class space    used 4690K, committed 4928K, reserved 1048576K
}
Event: 12.451 GC heap after
{Heap after GC invocations=19 (full 0):
 garbage-first heap   total 95232K, used 38990K [0x0000000080000000, 0x0000000100000000)
  region size 1024K, 6 young (6144K), 6 survivors (6144K)
 Metaspace       used 43019K, committed 43520K, reserved 1114112K
  class space    used 4690K, committed 4928K, reserved 1048576K
}

