# JRE version: OpenJDK Runtime Environment Temurin-17.0.14+7 (17.0.14+7) (build 17.0.14+7)
# Java VM: OpenJDK 64-Bit Server VM Temurin-17.0.14+7 (17.0.14+7, mixed mode, tiered, compressed oops, compressed class ptrs, g1 gc, windows-amd64)
GC Precious Log:
 CPUs: 4 total, 4 available
 Memory: 4018M
 Large Page Support: Disabled
 NUMA Support: Disabled
 Compressed Oops: Enabled (32-bit)
 Heap Region Size: 1M
 Heap Min Capacity: 8M
 Heap Initial Capacity: 64M
 Heap Max Capacity: 2G
 Pre-touch: Disabled
 Parallel Workers: 4
 Concurrent Workers: 1
 Concurrent Refinement Workers: 4
 Periodic GC: Disabled
Heap:
 garbage-first heap   total 95232K, used 67125K [0x0000000080000000, 0x0000000100000000)
  region size 1024K, 35 young (35840K), 4 survivors (4096K)
 Metaspace       used 41798K, committed 42304K, reserved 1114112K
  class space    used 4499K, committed 4736K, reserved 1048576K
GC Heap History (20 events):
Event: 5.215 GC heap before
{Heap before GC invocations=6 (full 0):
 garbage-first heap   total 65536K, used 35480K [0x0000000080000000, 0x0000000100000000)
  region size 1024K, 14 young (14336K), 2 survivors (2048K)
 Metaspace       used 21307K, committed 21504K, reserved 1114112K
  class space    used 2186K, committed 2304K, reserved 1048576K
}
Event: 5.220 GC heap after
{Heap after GC invocations=7 (full 0):
 garbage-first heap   total 65536K, used 24964K [0x0000000080000000, 0x0000000100000000)
  region size 1024K, 1 young (1024K), 1 survivors (1024K)
 Metaspace       used 21307K, committed 21504K, reserved 1114112K
  class space    used 2186K, committed 2304K, reserved 1048576K
}
Event: 5.751 GC heap before
{Heap before GC invocations=8 (full 0):
 garbage-first heap   total 65536K, used 46468K [0x0000000080000000, 0x0000000100000000)
  region size 1024K, 22 young (22528K), 1 survivors (1024K)
 Metaspace       used 22181K, committed 22464K, reserved 1114112K
  class space    used 2310K, committed 2432K, reserved 1048576K
}
Event: 5.757 GC heap after
{Heap after GC invocations=9 (full 0):
 garbage-first heap   total 65536K, used 25695K [0x0000000080000000, 0x0000000100000000)
  region size 1024K, 2 young (2048K), 2 survivors (2048K)
 Metaspace       used 22181K, committed 22464K, reserved 1114112K
  class space    used 2310K, committed 2432K, reserved 1048576K
}
Event: 5.903 GC heap before
{Heap before GC invocations=9 (full 0):
 garbage-first heap   total 65536K, used 49247K [0x0000000080000000, 0x0000000100000000)
  region size 1024K, 25 young (25600K), 2 survivors (2048K)
 Metaspace       used 22234K, committed 22464K, reserved 1114112K
  class space    used 2314K, committed 2432K, reserved 1048576K
}
Event: 5.909 GC heap after
{Heap after GC invocations=10 (full 0):
 garbage-first heap   total 78848K, used 25738K [0x0000000080000000, 0x0000000100000000)
  region size 1024K, 2 young (2048K), 2 survivors (2048K)
 Metaspace       used 22234K, committed 22464K, reserved 1114112K
  class space    used 2314K, committed 2432K, reserved 1048576K
}
Event: 7.393 GC heap before
{Heap before GC invocations=10 (full 0):
 garbage-first heap   total 78848K, used 62602K [0x0000000080000000, 0x0000000100000000)
  region size 1024K, 38 young (38912K), 2 survivors (2048K)
 Metaspace       used 26951K, committed 27264K, reserved 1114112K
  class space    used 2815K, committed 2944K, reserved 1048576K
}
Event: 7.407 GC heap after
{Heap after GC invocations=11 (full 0):
 garbage-first heap   total 78848K, used 29020K [0x0000000080000000, 0x0000000100000000)
  region size 1024K, 5 young (5120K), 5 survivors (5120K)
 Metaspace       used 26951K, committed 27264K, reserved 1114112K
  class space    used 2815K, committed 2944K, reserved 1048576K
}
Event: 8.112 GC heap before
{Heap before GC invocations=11 (full 0):
 garbage-first heap   total 78848K, used 59740K [0x0000000080000000, 0x0000000100000000)
  region size 1024K, 35 young (35840K), 5 survivors (5120K)
 Metaspace       used 29116K, committed 29440K, reserved 1114112K
  class space    used 3040K, committed 3200K, reserved 1048576K
}
Event: 8.129 GC heap after
{Heap after GC invocations=12 (full 0):
 garbage-first heap   total 78848K, used 29948K [0x0000000080000000, 0x0000000100000000)
  region size 1024K, 1 young (1024K), 1 survivors (1024K)
 Metaspace       used 29116K, committed 29440K, reserved 1114112K
  class space    used 3040K, committed 3200K, reserved 1048576K
}
Event: 8.524 GC heap before
{Heap before GC invocations=12 (full 0):
 garbage-first heap   total 78848K, used 62716K [0x0000000080000000, 0x0000000100000000)
  region size 1024K, 31 young (31744K), 1 survivors (1024K)
 Metaspace       used 30307K, committed 30720K, reserved 1114112K
  class space    used 3120K, committed 3328K, reserved 1048576K
}
Event: 8.529 GC heap after
{Heap after GC invocations=13 (full 0):
 garbage-first heap   total 78848K, used 30391K [0x0000000080000000, 0x0000000100000000)
  region size 1024K, 2 young (2048K), 2 survivors (2048K)
 Metaspace       used 30307K, committed 30720K, reserved 1114112K
  class space    used 3120K, committed 3328K, reserved 1048576K
}
Event: 9.113 GC heap before
{Heap before GC invocations=13 (full 0):
 garbage-first heap   total 78848K, used 62135K [0x0000000080000000, 0x0000000100000000)
  region size 1024K, 33 young (33792K), 2 survivors (2048K)
 Metaspace       used 32934K, committed 33408K, reserved 1114112K
  class space    used 3425K, committed 3648K, reserved 1048576K
}
Event: 9.121 GC heap after
{Heap after GC invocations=14 (full 0):
 garbage-first heap   total 78848K, used 31362K [0x0000000080000000, 0x0000000100000000)
  region size 1024K, 3 young (3072K), 3 survivors (3072K)
 Metaspace       used 32934K, committed 33408K, reserved 1114112K
  class space    used 3425K, committed 3648K, reserved 1048576K
}
Event: 9.757 GC heap before
{Heap before GC invocations=14 (full 0):
 garbage-first heap   total 78848K, used 63106K [0x0000000080000000, 0x0000000100000000)
  region size 1024K, 34 young (34816K), 3 survivors (3072K)
 Metaspace       used 33920K, committed 34368K, reserved 1114112K
  class space    used 3513K, committed 3712K, reserved 1048576K
}
Event: 9.766 GC heap after
{Heap after GC invocations=15 (full 0):
 garbage-first heap   total 95232K, used 32401K [0x0000000080000000, 0x0000000100000000)
  region size 1024K, 4 young (4096K), 4 survivors (4096K)
 Metaspace       used 33920K, committed 34368K, reserved 1114112K
  class space    used 3513K, committed 3712K, reserved 1048576K
}
Event: 10.309 GC heap before
{Heap before GC invocations=15 (full 0):
 garbage-first heap   total 95232K, used 77457K [0x0000000080000000, 0x0000000100000000)
  region size 1024K, 48 young (49152K), 4 survivors (4096K)
 Metaspace       used 34266K, committed 34752K, reserved 1114112K
  class space    used 3550K, committed 3776K, reserved 1048576K
}
Event: 10.325 GC heap after
{Heap after GC invocations=16 (full 0):
 garbage-first heap   total 95232K, used 34759K [0x0000000080000000, 0x0000000100000000)
  region size 1024K, 5 young (5120K), 5 survivors (5120K)
 Metaspace       used 34266K, committed 34752K, reserved 1114112K
  class space    used 3550K, committed 3776K, reserved 1048576K
}
Event: 11.359 GC heap before
{Heap before GC invocations=16 (full 0):
 garbage-first heap   total 95232K, used 56263K [0x0000000080000000, 0x0000000100000000)
  region size 1024K, 27 young (27648K), 5 survivors (5120K)
 Metaspace       used 35506K, committed 35968K, reserved 1114112K
  class space    used 3704K, committed 3904K, reserved 1048576K
}
Event: 11.377 GC heap after
{Heap after GC invocations=17 (full 0):
 garbage-first heap   total 95232K, used 36405K [0x0000000080000000, 0x0000000100000000)
  region size 1024K, 4 young (4096K), 4 survivors (4096K)
 Metaspace       used 35506K, committed 35968K, reserved 1114112K
  class space    used 3704K, committed 3904K, reserved 1048576K
}

