# JRE version: OpenJDK Runtime Environment Temurin-17.0.14+7 (17.0.14+7) (build 17.0.14+7)
# Java VM: OpenJDK 64-Bit Server VM Temurin-17.0.14+7 (17.0.14+7, mixed mode, tiered, compressed oops, compressed class ptrs, g1 gc, windows-amd64)
GC Precious Log:
 CPUs: 4 total, 4 available
 Memory: 4018M
 Large Page Support: Disabled
 NUMA Support: Disabled
 Compressed Oops: Enabled (32-bit)
 Heap Region Size: 1M
 Heap Min Capacity: 8M
 Heap Initial Capacity: 64M
 Heap Max Capacity: 2G
 Pre-touch: Disabled
 Parallel Workers: 4
 Concurrent Workers: 1
 Concurrent Refinement Workers: 4
 Periodic GC: Disabled
Heap:
 garbage-first heap   total 95232K, used 55959K [0x0000000080000000, 0x0000000100000000)
  region size 1024K, 23 young (23552K), 6 survivors (6144K)
 Metaspace       used 44762K, committed 45312K, reserved 1114112K
  class space    used 4941K, committed 5184K, reserved 1048576K
GC Heap History (20 events):
Event: 3.627 GC heap before
{Heap before GC invocations=6 (full 0):
 garbage-first heap   total 65536K, used 34324K [0x0000000080000000, 0x0000000100000000)
  region size 1024K, 14 young (14336K), 2 survivors (2048K)
 Metaspace       used 21291K, committed 21504K, reserved 1114112K
  class space    used 2188K, committed 2304K, reserved 1048576K
}
Event: 3.634 GC heap after
{Heap after GC invocations=7 (full 0):
 garbage-first heap   total 78848K, used 24755K [0x0000000080000000, 0x0000000100000000)
  region size 1024K, 1 young (1024K), 1 survivors (1024K)
 Metaspace       used 21291K, committed 21504K, reserved 1114112K
  class space    used 2188K, committed 2304K, reserved 1048576K
}
Event: 4.180 GC heap before
{Heap before GC invocations=8 (full 0):
 garbage-first heap   total 78848K, used 55475K [0x0000000080000000, 0x0000000100000000)
  region size 1024K, 31 young (31744K), 1 survivors (1024K)
 Metaspace       used 22381K, committed 22592K, reserved 1114112K
  class space    used 2338K, committed 2432K, reserved 1048576K
}
Event: 4.187 GC heap after
{Heap after GC invocations=9 (full 0):
 garbage-first heap   total 78848K, used 25689K [0x0000000080000000, 0x0000000100000000)
  region size 1024K, 2 young (2048K), 2 survivors (2048K)
 Metaspace       used 22381K, committed 22592K, reserved 1114112K
  class space    used 2338K, committed 2432K, reserved 1048576K
}
Event: 4.639 GC heap before
{Heap before GC invocations=9 (full 0):
 garbage-first heap   total 78848K, used 58457K [0x0000000080000000, 0x0000000100000000)
  region size 1024K, 34 young (34816K), 2 survivors (2048K)
 Metaspace       used 23186K, committed 23488K, reserved 1114112K
  class space    used 2410K, committed 2560K, reserved 1048576K
}
Event: 4.645 GC heap after
{Heap after GC invocations=10 (full 0):
 garbage-first heap   total 78848K, used 26741K [0x0000000080000000, 0x0000000100000000)
  region size 1024K, 3 young (3072K), 3 survivors (3072K)
 Metaspace       used 23186K, committed 23488K, reserved 1114112K
  class space    used 2410K, committed 2560K, reserved 1048576K
}
Event: 5.940 GC heap before
{Heap before GC invocations=10 (full 0):
 garbage-first heap   total 78848K, used 60533K [0x0000000080000000, 0x0000000100000000)
  region size 1024K, 36 young (36864K), 3 survivors (3072K)
 Metaspace       used 28685K, committed 28992K, reserved 1114112K
  class space    used 2999K, committed 3136K, reserved 1048576K
}
Event: 5.958 GC heap after
{Heap after GC invocations=11 (full 0):
 garbage-first heap   total 78848K, used 29647K [0x0000000080000000, 0x0000000100000000)
  region size 1024K, 5 young (5120K), 5 survivors (5120K)
 Metaspace       used 28685K, committed 28992K, reserved 1114112K
  class space    used 2999K, committed 3136K, reserved 1048576K
}
Event: 6.373 GC heap before
{Heap before GC invocations=11 (full 0):
 garbage-first heap   total 78848K, used 64463K [0x0000000080000000, 0x0000000100000000)
  region size 1024K, 36 young (36864K), 5 survivors (5120K)
 Metaspace       used 30479K, committed 30912K, reserved 1114112K
  class space    used 3147K, committed 3328K, reserved 1048576K
}
Event: 6.387 GC heap after
{Heap after GC invocations=12 (full 0):
 garbage-first heap   total 78848K, used 30358K [0x0000000080000000, 0x0000000100000000)
  region size 1024K, 1 young (1024K), 1 survivors (1024K)
 Metaspace       used 30479K, committed 30912K, reserved 1114112K
  class space    used 3147K, committed 3328K, reserved 1048576K
}
Event: 6.512 GC heap before
{Heap before GC invocations=12 (full 0):
 garbage-first heap   total 78848K, used 62102K [0x0000000080000000, 0x0000000100000000)
  region size 1024K, 32 young (32768K), 1 survivors (1024K)
 Metaspace       used 30543K, committed 30912K, reserved 1114112K
  class space    used 3153K, committed 3328K, reserved 1048576K
}
Event: 6.516 GC heap after
{Heap after GC invocations=13 (full 0):
 garbage-first heap   total 95232K, used 30527K [0x0000000080000000, 0x0000000100000000)
  region size 1024K, 1 young (1024K), 1 survivors (1024K)
 Metaspace       used 30543K, committed 30912K, reserved 1114112K
  class space    used 3153K, committed 3328K, reserved 1048576K
}
Event: 7.359 GC heap before
{Heap before GC invocations=13 (full 0):
 garbage-first heap   total 95232K, used 77631K [0x0000000080000000, 0x0000000100000000)
  region size 1024K, 47 young (48128K), 1 survivors (1024K)
 Metaspace       used 34153K, committed 34624K, reserved 1114112K
  class space    used 3549K, committed 3776K, reserved 1048576K
}
Event: 7.368 GC heap after
{Heap after GC invocations=14 (full 0):
 garbage-first heap   total 95232K, used 32522K [0x0000000080000000, 0x0000000100000000)
  region size 1024K, 3 young (3072K), 3 survivors (3072K)
 Metaspace       used 34153K, committed 34624K, reserved 1114112K
  class space    used 3549K, committed 3776K, reserved 1048576K
}
Event: 7.776 GC heap before
{Heap before GC invocations=14 (full 0):
 garbage-first heap   total 95232K, used 75530K [0x0000000080000000, 0x0000000100000000)
  region size 1024K, 45 young (46080K), 3 survivors (3072K)
 Metaspace       used 34418K, committed 34880K, reserved 1114112K
  class space    used 3564K, committed 3776K, reserved 1048576K
}
Event: 7.787 GC heap after
{Heap after GC invocations=15 (full 0):
 garbage-first heap   total 95232K, used 33599K [0x0000000080000000, 0x0000000100000000)
  region size 1024K, 4 young (4096K), 4 survivors (4096K)
 Metaspace       used 34418K, committed 34880K, reserved 1114112K
  class space    used 3564K, committed 3776K, reserved 1048576K
}
Event: 8.188 GC heap before
{Heap before GC invocations=15 (full 0):
 garbage-first heap   total 95232K, used 49983K [0x0000000080000000, 0x0000000100000000)
  region size 1024K, 21 young (21504K), 4 survivors (4096K)
 Metaspace       used 35584K, committed 35968K, reserved 1114112K
  class space    used 3721K, committed 3904K, reserved 1048576K
}
Event: 8.204 GC heap after
{Heap after GC invocations=16 (full 0):
 garbage-first heap   total 95232K, used 36129K [0x0000000080000000, 0x0000000100000000)
  region size 1024K, 4 young (4096K), 4 survivors (4096K)
 Metaspace       used 35584K, committed 35968K, reserved 1114112K
  class space    used 3721K, committed 3904K, reserved 1048576K
}
Event: 9.765 GC heap before
{Heap before GC invocations=17 (full 0):
 garbage-first heap   total 95232K, used 76065K [0x0000000080000000, 0x0000000100000000)
  region size 1024K, 43 young (44032K), 4 survivors (4096K)
 Metaspace       used 43193K, committed 43776K, reserved 1114112K
  class space    used 4720K, committed 4992K, reserved 1048576K
}
Event: 9.781 GC heap after
{Heap after GC invocations=18 (full 0):
 garbage-first heap   total 95232K, used 39575K [0x0000000080000000, 0x0000000100000000)
  region size 1024K, 6 young (6144K), 6 survivors (6144K)
 Metaspace       used 43193K, committed 43776K, reserved 1114112K
  class space    used 4720K, committed 4992K, reserved 1048576K
}

