# JRE version: OpenJDK Runtime Environment Temurin-17.0.14+7 (17.0.14+7) (build 17.0.14+7)
# Java VM: OpenJDK 64-Bit Server VM Temurin-17.0.14+7 (17.0.14+7, mixed mode, tiered, compressed oops, compressed class ptrs, g1 gc, windows-amd64)
GC Precious Log:
 CPUs: 4 total, 4 available
 Memory: 4018M
 Large Page Support: Disabled
 NUMA Support: Disabled
 Compressed Oops: Enabled (32-bit)
 Heap Region Size: 1M
 Heap Min Capacity: 8M
 Heap Initial Capacity: 64M
 Heap Max Capacity: 2G
 Pre-touch: Disabled
 Parallel Workers: 4
 Concurrent Workers: 1
 Concurrent Refinement Workers: 4
 Periodic GC: Disabled
Heap:
 garbage-first heap   total 95232K, used 76715K [0x0000000080000000, 0x0000000100000000)
  region size 1024K, 44 young (45056K), 4 survivors (4096K)
 Metaspace       used 43247K, committed 43776K, reserved 1114112K
  class space    used 4744K, committed 4992K, reserved 1048576K
GC Heap History (20 events):
Event: 3.935 GC heap before
{Heap before GC invocations=5 (full 0):
 garbage-first heap   total 65536K, used 43242K [0x0000000080000000, 0x0000000100000000)
  region size 1024K, 22 young (22528K), 3 survivors (3072K)
 Metaspace       used 19424K, committed 19648K, reserved 1114112K
  class space    used 1868K, committed 1984K, reserved 1048576K
}
Event: 3.945 GC heap after
{Heap after GC invocations=6 (full 0):
 garbage-first heap   total 65536K, used 24742K [0x0000000080000000, 0x0000000100000000)
  region size 1024K, 2 young (2048K), 2 survivors (2048K)
 Metaspace       used 19424K, committed 19648K, reserved 1114112K
  class space    used 1868K, committed 1984K, reserved 1048576K
}
Event: 4.381 GC heap before
{Heap before GC invocations=6 (full 0):
 garbage-first heap   total 65536K, used 34982K [0x0000000080000000, 0x0000000100000000)
  region size 1024K, 14 young (14336K), 2 survivors (2048K)
 Metaspace       used 21294K, committed 21504K, reserved 1114112K
  class space    used 2190K, committed 2304K, reserved 1048576K
}
Event: 4.387 GC heap after
{Heap after GC invocations=7 (full 0):
 garbage-first heap   total 78848K, used 25461K [0x0000000080000000, 0x0000000100000000)
  region size 1024K, 1 young (1024K), 1 survivors (1024K)
 Metaspace       used 21294K, committed 21504K, reserved 1114112K
  class space    used 2190K, committed 2304K, reserved 1048576K
}
Event: 4.884 GC heap before
{Heap before GC invocations=8 (full 0):
 garbage-first heap   total 78848K, used 56181K [0x0000000080000000, 0x0000000100000000)
  region size 1024K, 31 young (31744K), 1 survivors (1024K)
 Metaspace       used 22376K, committed 22592K, reserved 1114112K
  class space    used 2339K, committed 2432K, reserved 1048576K
}
Event: 4.890 GC heap after
{Heap after GC invocations=9 (full 0):
 garbage-first heap   total 78848K, used 26316K [0x0000000080000000, 0x0000000100000000)
  region size 1024K, 2 young (2048K), 2 survivors (2048K)
 Metaspace       used 22376K, committed 22592K, reserved 1114112K
  class space    used 2339K, committed 2432K, reserved 1048576K
}
Event: 5.413 GC heap before
{Heap before GC invocations=9 (full 0):
 garbage-first heap   total 78848K, used 58060K [0x0000000080000000, 0x0000000100000000)
  region size 1024K, 33 young (33792K), 2 survivors (2048K)
 Metaspace       used 23188K, committed 23488K, reserved 1114112K
  class space    used 2411K, committed 2560K, reserved 1048576K
}
Event: 5.422 GC heap after
{Heap after GC invocations=10 (full 0):
 garbage-first heap   total 78848K, used 27448K [0x0000000080000000, 0x0000000100000000)
  region size 1024K, 3 young (3072K), 3 survivors (3072K)
 Metaspace       used 23188K, committed 23488K, reserved 1114112K
  class space    used 2411K, committed 2560K, reserved 1048576K
}
Event: 6.873 GC heap before
{Heap before GC invocations=10 (full 0):
 garbage-first heap   total 78848K, used 60216K [0x0000000080000000, 0x0000000100000000)
  region size 1024K, 35 young (35840K), 3 survivors (3072K)
 Metaspace       used 28376K, committed 28736K, reserved 1114112K
  class space    used 2963K, committed 3136K, reserved 1048576K
}
Event: 6.889 GC heap after
{Heap after GC invocations=11 (full 0):
 garbage-first heap   total 78848K, used 30219K [0x0000000080000000, 0x0000000100000000)
  region size 1024K, 5 young (5120K), 5 survivors (5120K)
 Metaspace       used 28376K, committed 28736K, reserved 1114112K
  class space    used 2963K, committed 3136K, reserved 1048576K
}
Event: 7.350 GC heap before
{Heap before GC invocations=11 (full 0):
 garbage-first heap   total 78848K, used 62987K [0x0000000080000000, 0x0000000100000000)
  region size 1024K, 35 young (35840K), 5 survivors (5120K)
 Metaspace       used 30379K, committed 30784K, reserved 1114112K
  class space    used 3138K, committed 3328K, reserved 1048576K
}
Event: 7.366 GC heap after
{Heap after GC invocations=12 (full 0):
 garbage-first heap   total 78848K, used 31143K [0x0000000080000000, 0x0000000100000000)
  region size 1024K, 1 young (1024K), 1 survivors (1024K)
 Metaspace       used 30379K, committed 30784K, reserved 1114112K
  class space    used 3138K, committed 3328K, reserved 1048576K
}
Event: 7.567 GC heap before
{Heap before GC invocations=12 (full 0):
 garbage-first heap   total 78848K, used 62887K [0x0000000080000000, 0x0000000100000000)
  region size 1024K, 32 young (32768K), 1 survivors (1024K)
 Metaspace       used 30548K, committed 30976K, reserved 1114112K
  class space    used 3156K, committed 3328K, reserved 1048576K
}
Event: 7.571 GC heap after
{Heap after GC invocations=13 (full 0):
 garbage-first heap   total 95232K, used 31143K [0x0000000080000000, 0x0000000100000000)
  region size 1024K, 1 young (1024K), 1 survivors (1024K)
 Metaspace       used 30548K, committed 30976K, reserved 1114112K
  class space    used 3156K, committed 3328K, reserved 1048576K
}
Event: 8.343 GC heap before
{Heap before GC invocations=13 (full 0):
 garbage-first heap   total 95232K, used 76199K [0x0000000080000000, 0x0000000100000000)
  region size 1024K, 45 young (46080K), 1 survivors (1024K)
 Metaspace       used 32444K, committed 32832K, reserved 1114112K
  class space    used 3359K, committed 3520K, reserved 1048576K
}
Event: 8.349 GC heap after
{Heap after GC invocations=14 (full 0):
 garbage-first heap   total 95232K, used 32938K [0x0000000080000000, 0x0000000100000000)
  region size 1024K, 3 young (3072K), 3 survivors (3072K)
 Metaspace       used 32444K, committed 32832K, reserved 1114112K
  class space    used 3359K, committed 3520K, reserved 1048576K
}
Event: 9.027 GC heap before
{Heap before GC invocations=14 (full 0):
 garbage-first heap   total 95232K, used 76970K [0x0000000080000000, 0x0000000100000000)
  region size 1024K, 46 young (47104K), 3 survivors (3072K)
 Metaspace       used 34405K, committed 34816K, reserved 1114112K
  class space    used 3566K, committed 3776K, reserved 1048576K
}
Event: 9.038 GC heap after
{Heap after GC invocations=15 (full 0):
 garbage-first heap   total 95232K, used 34215K [0x0000000080000000, 0x0000000100000000)
  region size 1024K, 4 young (4096K), 4 survivors (4096K)
 Metaspace       used 34405K, committed 34816K, reserved 1114112K
  class space    used 3566K, committed 3776K, reserved 1048576K
}
Event: 9.455 GC heap before
{Heap before GC invocations=15 (full 0):
 garbage-first heap   total 95232K, used 53671K [0x0000000080000000, 0x0000000100000000)
  region size 1024K, 24 young (24576K), 4 survivors (4096K)
 Metaspace       used 35571K, committed 35968K, reserved 1114112K
  class space    used 3725K, committed 3904K, reserved 1048576K
}
Event: 9.472 GC heap after
{Heap after GC invocations=16 (full 0):
 garbage-first heap   total 95232K, used 36779K [0x0000000080000000, 0x0000000100000000)
  region size 1024K, 4 young (4096K), 4 survivors (4096K)
 Metaspace       used 35571K, committed 35968K, reserved 1114112K
  class space    used 3725K, committed 3904K, reserved 1048576K
}

