# JRE version: OpenJDK Runtime Environment Temurin-17.0.14+7 (17.0.14+7) (build 17.0.14+7)
# Java VM: OpenJDK 64-Bit Server VM Temurin-17.0.14+7 (17.0.14+7, mixed mode, tiered, compressed oops, compressed class ptrs, g1 gc, windows-amd64)
GC Precious Log:
 CPUs: 4 total, 4 available
 Memory: 4018M
 Large Page Support: Disabled
 NUMA Support: Disabled
 Compressed Oops: Enabled (32-bit)
 Heap Region Size: 1M
 Heap Min Capacity: 8M
 Heap Initial Capacity: 64M
 Heap Max Capacity: 2G
 Pre-touch: Disabled
 Parallel Workers: 4
 Concurrent Workers: 1
 Concurrent Refinement Workers: 4
 Periodic GC: Disabled
Heap:
 garbage-first heap   total 97280K, used 56349K [0x0000000080000000, 0x0000000100000000)
  region size 1024K, 24 young (24576K), 5 survivors (5120K)
 Metaspace       used 43721K, committed 44288K, reserved 1114112K
  class space    used 4774K, committed 5056K, reserved 1048576K
GC Heap History (20 events):
Event: 4.113 GC heap before
{Heap before GC invocations=8 (full 0):
 garbage-first heap   total 65536K, used 47136K [0x0000000080000000, 0x0000000100000000)
  region size 1024K, 23 young (23552K), 1 survivors (1024K)
 Metaspace       used 22355K, committed 22592K, reserved 1114112K
  class space    used 2337K, committed 2432K, reserved 1048576K
}
Event: 4.119 GC heap after
{Heap after GC invocations=9 (full 0):
 garbage-first heap   total 65536K, used 25392K [0x0000000080000000, 0x0000000100000000)
  region size 1024K, 2 young (2048K), 2 survivors (2048K)
 Metaspace       used 22355K, committed 22592K, reserved 1114112K
  class space    used 2337K, committed 2432K, reserved 1048576K
}
Event: 4.229 GC heap before
{Heap before GC invocations=9 (full 0):
 garbage-first heap   total 65536K, used 47920K [0x0000000080000000, 0x0000000100000000)
  region size 1024K, 24 young (24576K), 2 survivors (2048K)
 Metaspace       used 22409K, committed 22656K, reserved 1114112K
  class space    used 2341K, committed 2432K, reserved 1048576K
}
Event: 4.235 GC heap after
{Heap after GC invocations=10 (full 0):
 garbage-first heap   total 65536K, used 25536K [0x0000000080000000, 0x0000000100000000)
  region size 1024K, 2 young (2048K), 2 survivors (2048K)
 Metaspace       used 22409K, committed 22656K, reserved 1114112K
  class space    used 2341K, committed 2432K, reserved 1048576K
}
Event: 4.829 GC heap before
{Heap before GC invocations=10 (full 0):
 garbage-first heap   total 65536K, used 49088K [0x0000000080000000, 0x0000000100000000)
  region size 1024K, 26 young (26624K), 2 survivors (2048K)
 Metaspace       used 24102K, committed 24320K, reserved 1114112K
  class space    used 2510K, committed 2624K, reserved 1048576K
}
Event: 4.837 GC heap after
{Heap after GC invocations=11 (full 0):
 garbage-first heap   total 80896K, used 26947K [0x0000000080000000, 0x0000000100000000)
  region size 1024K, 3 young (3072K), 3 survivors (3072K)
 Metaspace       used 24102K, committed 24320K, reserved 1114112K
  class space    used 2510K, committed 2624K, reserved 1048576K
}
Event: 6.201 GC heap before
{Heap before GC invocations=11 (full 0):
 garbage-first heap   total 80896K, used 64835K [0x0000000080000000, 0x0000000100000000)
  region size 1024K, 40 young (40960K), 3 survivors (3072K)
 Metaspace       used 29337K, committed 29760K, reserved 1114112K
  class space    used 3072K, committed 3264K, reserved 1048576K
}
Event: 6.217 GC heap after
{Heap after GC invocations=12 (full 0):
 garbage-first heap   total 80896K, used 29614K [0x0000000080000000, 0x0000000100000000)
  region size 1024K, 5 young (5120K), 5 survivors (5120K)
 Metaspace       used 29337K, committed 29760K, reserved 1114112K
  class space    used 3072K, committed 3264K, reserved 1048576K
}
Event: 6.452 GC heap before
{Heap before GC invocations=12 (full 0):
 garbage-first heap   total 80896K, used 63406K [0x0000000080000000, 0x0000000100000000)
  region size 1024K, 36 young (36864K), 5 survivors (5120K)
 Metaspace       used 30472K, committed 30848K, reserved 1114112K
  class space    used 3147K, committed 3328K, reserved 1048576K
}
Event: 6.462 GC heap after
{Heap after GC invocations=13 (full 0):
 garbage-first heap   total 80896K, used 30547K [0x0000000080000000, 0x0000000100000000)
  region size 1024K, 1 young (1024K), 1 survivors (1024K)
 Metaspace       used 30472K, committed 30848K, reserved 1114112K
  class space    used 3147K, committed 3328K, reserved 1048576K
}
Event: 6.797 GC heap before
{Heap before GC invocations=13 (full 0):
 garbage-first heap   total 80896K, used 64339K [0x0000000080000000, 0x0000000100000000)
  region size 1024K, 34 young (34816K), 1 survivors (1024K)
 Metaspace       used 31656K, committed 32064K, reserved 1114112K
  class space    used 3282K, committed 3456K, reserved 1048576K
}
Event: 6.802 GC heap after
{Heap after GC invocations=14 (full 0):
 garbage-first heap   total 80896K, used 30956K [0x0000000080000000, 0x0000000100000000)
  region size 1024K, 2 young (2048K), 2 survivors (2048K)
 Metaspace       used 31656K, committed 32064K, reserved 1114112K
  class space    used 3282K, committed 3456K, reserved 1048576K
}
Event: 7.675 GC heap before
{Heap before GC invocations=14 (full 0):
 garbage-first heap   total 80896K, used 64748K [0x0000000080000000, 0x0000000100000000)
  region size 1024K, 35 young (35840K), 2 survivors (2048K)
 Metaspace       used 34148K, committed 34624K, reserved 1114112K
  class space    used 3549K, committed 3776K, reserved 1048576K
}
Event: 7.682 GC heap after
{Heap after GC invocations=15 (full 0):
 garbage-first heap   total 97280K, used 32342K [0x0000000080000000, 0x0000000100000000)
  region size 1024K, 3 young (3072K), 3 survivors (3072K)
 Metaspace       used 34148K, committed 34624K, reserved 1114112K
  class space    used 3549K, committed 3776K, reserved 1048576K
}
Event: 8.167 GC heap before
{Heap before GC invocations=15 (full 0):
 garbage-first heap   total 97280K, used 79446K [0x0000000080000000, 0x0000000100000000)
  region size 1024K, 49 young (50176K), 3 survivors (3072K)
 Metaspace       used 34431K, committed 34880K, reserved 1114112K
  class space    used 3568K, committed 3776K, reserved 1048576K
}
Event: 8.178 GC heap after
{Heap after GC invocations=16 (full 0):
 garbage-first heap   total 97280K, used 34424K [0x0000000080000000, 0x0000000100000000)
  region size 1024K, 5 young (5120K), 5 survivors (5120K)
 Metaspace       used 34431K, committed 34880K, reserved 1114112K
  class space    used 3568K, committed 3776K, reserved 1048576K
}
Event: 8.559 GC heap before
{Heap before GC invocations=16 (full 0):
 garbage-first heap   total 97280K, used 46712K [0x0000000080000000, 0x0000000100000000)
  region size 1024K, 18 young (18432K), 5 survivors (5120K)
 Metaspace       used 35570K, committed 35968K, reserved 1114112K
  class space    used 3719K, committed 3904K, reserved 1048576K
}
Event: 8.572 GC heap after
{Heap after GC invocations=17 (full 0):
 garbage-first heap   total 97280K, used 36033K [0x0000000080000000, 0x0000000100000000)
  region size 1024K, 4 young (4096K), 4 survivors (4096K)
 Metaspace       used 35570K, committed 35968K, reserved 1114112K
  class space    used 3719K, committed 3904K, reserved 1048576K
}
Event: 10.029 GC heap before
{Heap before GC invocations=18 (full 0):
 garbage-first heap   total 97280K, used 71873K [0x0000000080000000, 0x0000000100000000)
  region size 1024K, 39 young (39936K), 4 survivors (4096K)
 Metaspace       used 42221K, committed 42752K, reserved 1114112K
  class space    used 4599K, committed 4864K, reserved 1048576K
}
Event: 10.042 GC heap after
{Heap after GC invocations=19 (full 0):
 garbage-first heap   total 97280K, used 38941K [0x0000000080000000, 0x0000000100000000)
  region size 1024K, 5 young (5120K), 5 survivors (5120K)
 Metaspace       used 42221K, committed 42752K, reserved 1114112K
  class space    used 4599K, committed 4864K, reserved 1048576K
}

